[debug] > Exec(;reload; set _root_.org.jetbrains.sbt.StructureKeys.sbtStructureOptions in Global := "download resolveClassifiers" ;preferScala2;*/*:dumpStructureTo C:/Users/acer/AppData/Local/Temp/sbt-structure.xml; session clear-all ; set ideaPort in Global := 50516, None, None)
[debug] > Exec(reload, None, None)
[debug] > Exec(sbtStashOnFailure, None, None)
[debug] > Exec(onFailure loadFailed, None, None)
[debug] > Exec(loadp, None, None)
[info] welcome to sbt 1.6.2 (Oracle Corporation Java 18.0.1.1)
[debug]       Load.loadUnit: plugins took 15.412ms
[debug]       Load.loadUnit: defsScala took 0.0058ms
[debug] [Loading] Scanning directory C:\Users\acer\.sbt\1.0\plugins
[debug] [Loading] Found non-root projects 
[debug] [Loading] Done in C:\Users\acer\.sbt\1.0\plugins, returning: ()
[debug] deducing auto plugins based on known facts Set(Atom(sbt.plugins.CorePlugin)) and clauses Clauses(Clause(Atom(sbt.plugins.JvmPlugin),Set(Atom(sbt.plugins.IvyPlugin)))
[debug] Clause(Atom(sbt.ScriptedPlugin),Set(Atom(sbt.plugins.JvmPlugin)))
[debug] Clause(Atom(sbt.plugins.SbtPlugin),Set(Atom(sbt.ScriptedPlugin)))
[debug] Clause(Atom(sbt.plugins.SemanticdbPlugin),Set(Atom(sbt.plugins.JvmPlugin)))
[debug] Clause(Atom(sbt.plugins.JUnitXmlReportPlugin),Set(Atom(sbt.plugins.JvmPlugin)))
[debug] Clause(Atom(sbt.plugins.MiniDependencyTreePlugin),Set(Atom(sbt.plugins.JvmPlugin)))
[debug] Clause(Atom(sbt.plugins.CorePlugin),Set(Atom(sbt.plugins.IvyPlugin)))
[debug] Clause(Atom(sbt.plugins.IvyPlugin),Set(Atom(sbt.plugins.JvmPlugin)))
[debug] Clause(Atom(sbt.plugins.JvmPlugin),Set(Atom(sbt.plugins.SemanticdbPlugin)))
[debug] Clause(Atom(sbt.plugins.JvmPlugin),Set(Atom(sbt.plugins.JUnitXmlReportPlugin)))
[debug] Clause(Atom(sbt.plugins.CorePlugin),Set(Atom(sbt.plugins.Giter8TemplatePlugin)))
[debug] Clause(Atom(sbt.plugins.JvmPlugin),Set(Atom(sbt.plugins.MiniDependencyTreePlugin))))
[debug]   :: deduced result: Matched(sbt.plugins.CorePlugin,sbt.plugins.Giter8TemplatePlugin,sbt.plugins.IvyPlugin,sbt.plugins.JvmPlugin,sbt.plugins.MiniDependencyTreePlugin,sbt.plugins.JUnitXmlReportPlugin,sbt.plugins.SemanticdbPlugin)
[debug] Plugins.deducer#function took 0.7996 ms
[debug]           Load.resolveProject(global-plugins) took 0.7255ms
[debug]         Load.loadTransitive: finalizeProject(Project(id global-plugins, base: C:\Users\acer\.sbt\1.0\plugins, plugins: List(<none>))) took 1.7976ms
[debug] [Loading] Done in C:\Users\acer\.sbt\1.0\plugins, returning: (global-plugins)
[debug]       Load.loadUnit: loadedProjectsRaw took 2.575501ms
[debug]       Load.loadUnit: cleanEvalClasses took 0.009699ms
[debug]     Load.loadUnit(file:/C:/Users/acer/.sbt/1.0/plugins/, ...) took 18.9191ms
[debug]   Load.apply: load took 19.839299ms
[debug]   Load.apply: resolveProjects took 0.0853ms
[debug]   Load.apply: finalTransforms took 4.517ms
[debug]   Load.apply: config.delegates took 0.202001ms
[debug]   Load.apply: Def.make(settings)... took 38.880801ms
[debug]   Load.apply: structureIndex took 13.6657ms
[debug]   Load.apply: mkStreams took 0.0021ms
[info] loading global plugins from C:\Users\acer\.sbt\1.0\plugins
[debug] Running task... Cancel: Signal, check cycles: false, forcegc: true
[debug] Load.defaultLoad until apply took 265.998199ms
[debug]           Load.loadUnit: plugins took 14.4748ms
[debug]           Load.loadUnit: defsScala took 0.0031ms
[debug] [Loading] Scanning directory C:\Users\acer\Desktop\Module_3\xenonstack\project
[debug]             Load.loadUnit: mkEval took 0.183601ms
[debug] [Loading] Found non-root projects 
[debug] [Loading] Done in C:\Users\acer\Desktop\Module_3\xenonstack\project, returning: ()
[debug] deducing auto plugins based on known facts Set(Atom(sbt.plugins.CorePlugin)) and clauses Clauses(Clause(Atom(sbt.plugins.JvmPlugin),Set(Atom(sbt.plugins.IvyPlugin)))
[debug] Clause(Atom(sbt.ScriptedPlugin),Set(Atom(sbt.plugins.JvmPlugin)))
[debug] Clause(Atom(sbt.plugins.SbtPlugin),Set(Atom(sbt.ScriptedPlugin)))
[debug] Clause(Atom(sbt.plugins.SemanticdbPlugin),Set(Atom(sbt.plugins.JvmPlugin)))
[debug] Clause(Atom(sbt.plugins.JUnitXmlReportPlugin),Set(Atom(sbt.plugins.JvmPlugin)))
[debug] Clause(Atom(sbt.plugins.MiniDependencyTreePlugin),Set(Atom(sbt.plugins.JvmPlugin)))
[debug] Clause(Atom(sbt.plugins.CorePlugin),Set(Atom(sbt.plugins.IvyPlugin)))
[debug] Clause(Atom(sbt.plugins.IvyPlugin),Set(Atom(sbt.plugins.JvmPlugin)))
[debug] Clause(Atom(sbt.plugins.JvmPlugin),Set(Atom(sbt.plugins.SemanticdbPlugin)))
[debug] Clause(Atom(sbt.plugins.JvmPlugin),Set(Atom(sbt.plugins.JUnitXmlReportPlugin)))
[debug] Clause(Atom(sbt.plugins.CorePlugin),Set(Atom(sbt.plugins.Giter8TemplatePlugin)))
[debug] Clause(Atom(sbt.plugins.JvmPlugin),Set(Atom(sbt.plugins.MiniDependencyTreePlugin))))
[debug]   :: deduced result: Matched(sbt.plugins.CorePlugin,sbt.plugins.Giter8TemplatePlugin,sbt.plugins.IvyPlugin,sbt.plugins.JvmPlugin,sbt.plugins.MiniDependencyTreePlugin,sbt.plugins.JUnitXmlReportPlugin,sbt.plugins.SemanticdbPlugin)
[debug] Plugins.deducer#function took 1.228 ms
[info] loading settings for project xenonstack-build from idea.sbt ...
[debug]               Load.resolveProject(xenonstack-build) took 3.1885ms
[debug]             Load.loadTransitive: finalizeProject(Project(id xenonstack-build, base: C:\Users\acer\Desktop\Module_3\xenonstack\project, plugins: List(<none>))) took 4.759301ms
[debug] [Loading] Done in C:\Users\acer\Desktop\Module_3\xenonstack\project, returning: (xenonstack-build)
[debug]           Load.loadUnit: loadedProjectsRaw took 20.8787ms
[debug]           Load.loadUnit: cleanEvalClasses took 1.908301ms
[debug]         Load.loadUnit(file:/C:/Users/acer/Desktop/Module_3/xenonstack/project/, ...) took 37.7818ms
[debug]       Load.apply: load took 38.7393ms
[debug]       Load.apply: resolveProjects took 0.0774ms
[debug]       Load.apply: finalTransforms took 6.9137ms
[debug]       Load.apply: config.delegates took 0.2347ms
[debug]       Load.apply: Def.make(settings)... took 37.5756ms
[debug]       Load.apply: structureIndex took 15.626501ms
[debug]       Load.apply: mkStreams took 0.0038ms
[info] loading project definition from C:\Users\acer\Desktop\Module_3\xenonstack\project
[debug] Running task... Cancel: Signal, check cycles: false, forcegc: true
[debug]     Load.loadUnit: plugins took 200.9021ms
[debug]     Load.loadUnit: defsScala took 0.0024ms
[debug] [Loading] Scanning directory C:\Users\acer\Desktop\Module_3\xenonstack
[debug]       Load.loadUnit: mkEval took 0.185799ms
[debug] [Loading] Found root project root w/ remaining 
[debug] deducing auto plugins based on known facts Set(Atom(sbt.plugins.CorePlugin)) and clauses Clauses(Clause(Atom(sbt.plugins.JvmPlugin),Set(Atom(sbt.plugins.IvyPlugin)))
[debug] Clause(Atom(sbt.ScriptedPlugin),Set(Atom(sbt.plugins.JvmPlugin)))
[debug] Clause(Atom(sbt.plugins.SbtPlugin),Set(Atom(sbt.ScriptedPlugin)))
[debug] Clause(Atom(sbt.plugins.SemanticdbPlugin),Set(Atom(sbt.plugins.JvmPlugin)))
[debug] Clause(Atom(sbt.plugins.JUnitXmlReportPlugin),Set(Atom(sbt.plugins.JvmPlugin)))
[debug] Clause(Atom(sbt.plugins.MiniDependencyTreePlugin),Set(Atom(sbt.plugins.JvmPlugin)))
[debug] Clause(Atom(org.jetbrains.sbt.StructurePlugin),Set(Atom(sbt.plugins.JvmPlugin)))
[debug] Clause(Atom(org.jetbrains.sbt.IdeaShellPlugin),Set(Atom(sbt.plugins.JvmPlugin)))
[debug] Clause(Atom(org.jetbrains.sbt.indices.SbtIntellijIndicesPlugin),Set(Atom(sbt.plugins.JvmPlugin)))
[debug] Clause(Atom(sbt.plugins.CorePlugin),Set(Atom(sbt.plugins.IvyPlugin)))
[debug] Clause(Atom(sbt.plugins.IvyPlugin),Set(Atom(sbt.plugins.JvmPlugin)))
[debug] Clause(Atom(sbt.plugins.JvmPlugin),Set(Atom(sbt.plugins.SemanticdbPlugin)))
[debug] Clause(Atom(sbt.plugins.JvmPlugin),Set(Atom(sbt.plugins.JUnitXmlReportPlugin)))
[debug] Clause(Atom(sbt.plugins.CorePlugin),Set(Atom(sbt.plugins.Giter8TemplatePlugin)))
[debug] Clause(Atom(sbt.plugins.JvmPlugin),Set(Atom(sbt.plugins.MiniDependencyTreePlugin)))
[debug] Clause(Atom(sbt.plugins.JvmPlugin),Set(Atom(org.jetbrains.sbt.StructurePlugin)))
[debug] Clause(Atom(sbt.plugins.JvmPlugin),Set(Atom(org.jetbrains.sbt.IdeaShellPlugin)))
[debug] Clause(And(Set(Atom(sbt.plugins.CorePlugin), Atom(sbt.plugins.JvmPlugin))),Set(Atom(org.jetbrains.sbt.indices.SbtIntellijIndicesPlugin))))
[debug]   :: deduced result: Matched(sbt.plugins.CorePlugin,sbt.plugins.Giter8TemplatePlugin,sbt.plugins.IvyPlugin,sbt.plugins.JvmPlugin,sbt.plugins.SemanticdbPlugin,org.jetbrains.sbt.indices.SbtIntellijIndicesPlugin,sbt.plugins.JUnitXmlReportPlugin,org.jetbrains.sbt.IdeaShellPlugin,org.jetbrains.sbt.StructurePlugin,sbt.plugins.MiniDependencyTreePlugin)
[debug] Plugins.deducer#function took 1.481001 ms
[info] loading settings for project root from build.sbt ...
[debug]         Load.resolveProject(root) took 30.2828ms
[debug]       Load.loadTransitive: finalizeProject(Project(id root, base: C:\Users\acer\Desktop\Module_3\xenonstack, plugins: List(<none>))) took 32.255301ms
[debug] [Loading] Done in C:\Users\acer\Desktop\Module_3\xenonstack, returning: (root)
[debug]     Load.loadUnit: loadedProjectsRaw took 65.640701ms
[debug]     Load.loadUnit: cleanEvalClasses took 6.186499ms
[debug]   Load.loadUnit(file:/C:/Users/acer/Desktop/Module_3/xenonstack/, ...) took 273.422401ms
[debug] Load.apply: load took 274.7122ms
[debug] Load.apply: resolveProjects took 0.1195ms
[debug] Load.apply: finalTransforms took 16.698ms
[debug] Load.apply: config.delegates took 0.295301ms
[debug] Load.apply: Def.make(settings)... took 41.595ms
[debug] Load.apply: structureIndex took 11.732301ms
[debug] Load.apply: mkStreams took 0.0024ms
[warn] Discarding 1 session setting.  Use 'session save' to persist session settings.
[info] set current project to xenonstack (in build file:/C:/Users/acer/Desktop/Module_3/xenonstack/)
[debug] > Exec(sbtPopOnFailure, None, None)
[debug] > Exec(resumeFromFailure, None, None)
[debug] > Exec(set _root_.org.jetbrains.sbt.StructureKeys.sbtStructureOptions in Global := "download resolveClassifiers", None, None)
[info] Defining Global / sbtStructureOptions
[info] The new value will be used by Global / ssOptions
[debug] Defining 
[debug] 	Global / sbtStructureOptions
[debug] 
[debug] The new value will be used by 
[debug] 	Global / ssOptions
[info] Reapplying settings...
[info] set current project to xenonstack (in build file:/C:/Users/acer/Desktop/Module_3/xenonstack/)
[debug] > Exec(preferScala2, None, None)
[debug] > Exec(*/*:dumpStructureTo C:/Users/acer/AppData/Local/Temp/sbt-structure.xml, None, None)
[debug] Evaluating tasks: Global / dumpStructureTo
[warn] sbt 0.13 shell syntax is deprecated; use slash syntax instead: Global / dumpStructureTo
[debug] Running task... Cancel: Signal, check cycles: false, forcegc: true
[info] Writing structure to C:\Users\acer\AppData\Local\Temp\sbt-structure.xml...
[info] Done.
[success] Total time: 0 s, completed Jul 2, 2022, 4:15:07 PM
[debug] > Exec(session clear-all, None, None)
[info] Reapplying settings...
[info] set current project to xenonstack (in build file:/C:/Users/acer/Desktop/Module_3/xenonstack/)
[debug] > Exec(set ideaPort in Global := 50516, None, None)
[info] Defining Global / ideaPort
[info] The new value will be used by Compile / compile, Test / compile
[debug] Defining 
[debug] 	Global / ideaPort
[debug] 
[debug] The new value will be used by 
[debug] 	Compile / compile
[debug] 	Test / compile
[info] Reapplying settings...
[info] set current project to xenonstack (in build file:/C:/Users/acer/Desktop/Module_3/xenonstack/)
[debug] > Exec(idea-shell, None, None)
[debug] > Exec(, None, None)
[debug] > Exec(idea-shell, None, None)
